This file contains any messages produced by compilers while
running configure, to aid debugging if configure makes a mistake.

It was created by Tinyproxy configure 1.9.0, which was
generated by GNU Autoconf 2.69.  Invocation command line was

  $ ./configure 

## --------- ##
## Platform. ##
## --------- ##

hostname = vladimirb-64-R830
uname -m = x86_64
uname -r = 4.4.0-78-generic
uname -s = Linux
uname -v = #99-Ubuntu SMP Thu Apr 27 15:29:09 UTC 2017

/usr/bin/uname -p = unknown
/bin/uname -X     = unknown

/bin/arch              = unknown
/usr/bin/arch -k       = unknown
/usr/convex/getsysinfo = unknown
/usr/bin/hostinfo      = unknown
/bin/machine           = unknown
/usr/bin/oslevel       = unknown
/bin/universe          = unknown

PATH: /home/vladimirb/google-cloud-sdk/bin
PATH: /home/vladimirb/anaconda2/bin
PATH: /usr/local/n/versions/node/7.2.1/bin/node
PATH: /home/vladimirb/Dropbox/chromedriver
PATH: /home/vladimirb/Dropbox/geckodriver
PATH: /home/vladimirb/node-v4.5.0-linux-x64/bin
PATH: /home/vladimirb/bin
PATH: /home/vladimirb/.local/bin
PATH: /usr/local/sbin
PATH: /usr/local/bin
PATH: /usr/sbin
PATH: /usr/bin
PATH: /sbin
PATH: /bin
PATH: /usr/games
PATH: /usr/local/games
PATH: /home/vladimirb/go1.8.1/bin
PATH: /home/vladimirb/Dropbox/go/bin
PATH: /home/vladimirb/.local/bin
PATH: /home/vladimirb/Nim
PATH: /home/vladimirb/Nim/bin
PATH: /home/vladimirb/.nimble/bin


## ----------- ##
## Core tests. ##
## ----------- ##

configure:2243: checking build system type
configure:2257: result: x86_64-pc-linux-gnu
configure:2277: checking host system type
configure:2290: result: x86_64-pc-linux-gnu
configure:2310: checking target system type
configure:2323: result: x86_64-pc-linux-gnu
configure:2365: checking for a BSD-compatible install
configure:2433: result: /usr/bin/install -c
configure:2444: checking whether build environment is sane
configure:2499: result: yes
configure:2650: checking for a thread-safe mkdir -p
configure:2689: result: /bin/mkdir -p
configure:2696: checking for gawk
configure:2726: result: no
configure:2696: checking for mawk
configure:2712: found /usr/bin/mawk
configure:2723: result: mawk
configure:2734: checking whether make sets $(MAKE)
configure:2756: result: yes
configure:2785: checking whether make supports nested variables
configure:2802: result: yes
configure:2943: checking whether make supports nested variables
configure:2960: result: yes
configure:3019: checking for style of include used by make
configure:3047: result: GNU
configure:3118: checking for gcc
configure:3134: found /usr/bin/gcc
configure:3145: result: gcc
configure:3374: checking for C compiler version
configure:3383: gcc --version >&5
gcc (Ubuntu 5.4.0-6ubuntu1~16.04.4) 5.4.0 20160609
Copyright (C) 2015 Free Software Foundation, Inc.
This is free software; see the source for copying conditions.  There is NO
warranty; not even for MERCHANTABILITY or FITNESS FOR A PARTICULAR PURPOSE.

configure:3394: $? = 0
configure:3383: gcc -v >&5
Using built-in specs.
COLLECT_GCC=gcc
COLLECT_LTO_WRAPPER=/usr/lib/gcc/x86_64-linux-gnu/5/lto-wrapper
Target: x86_64-linux-gnu
Configured with: ../src/configure -v --with-pkgversion='Ubuntu 5.4.0-6ubuntu1~16.04.4' --with-bugurl=file:///usr/share/doc/gcc-5/README.Bugs --enable-languages=c,ada,c++,java,go,d,fortran,objc,obj-c++ --prefix=/usr --program-suffix=-5 --enable-shared --enable-linker-build-id --libexecdir=/usr/lib --without-included-gettext --enable-threads=posix --libdir=/usr/lib --enable-nls --with-sysroot=/ --enable-clocale=gnu --enable-libstdcxx-debug --enable-libstdcxx-time=yes --with-default-libstdcxx-abi=new --enable-gnu-unique-object --disable-vtable-verify --enable-libmpx --enable-plugin --with-system-zlib --disable-browser-plugin --enable-java-awt=gtk --enable-gtk-cairo --with-java-home=/usr/lib/jvm/java-1.5.0-gcj-5-amd64/jre --enable-java-home --with-jvm-root-dir=/usr/lib/jvm/java-1.5.0-gcj-5-amd64 --with-jvm-jar-dir=/usr/lib/jvm-exports/java-1.5.0-gcj-5-amd64 --with-arch-directory=amd64 --with-ecj-jar=/usr/share/java/eclipse-ecj.jar --enable-objc-gc --enable-multiarch --disable-werror --with-arch-32=i686 --with-abi=m64 --with-multilib-list=m32,m64,mx32 --enable-multilib --with-tune=generic --enable-checking=release --build=x86_64-linux-gnu --host=x86_64-linux-gnu --target=x86_64-linux-gnu
Thread model: posix
gcc version 5.4.0 20160609 (Ubuntu 5.4.0-6ubuntu1~16.04.4) 
configure:3394: $? = 0
configure:3383: gcc -V >&5
gcc: error: unrecognized command line option '-V'
gcc: fatal error: no input files
compilation terminated.
configure:3394: $? = 1
configure:3383: gcc -qversion >&5
gcc: error: unrecognized command line option '-qversion'
gcc: fatal error: no input files
compilation terminated.
configure:3394: $? = 1
configure:3414: checking whether the C compiler works
configure:3436: gcc    conftest.c  >&5
configure:3440: $? = 0
configure:3488: result: yes
configure:3491: checking for C compiler default output file name
configure:3493: result: a.out
configure:3499: checking for suffix of executables
configure:3506: gcc -o conftest    conftest.c  >&5
configure:3510: $? = 0
configure:3532: result: 
configure:3554: checking whether we are cross compiling
configure:3562: gcc -o conftest    conftest.c  >&5
configure:3566: $? = 0
configure:3573: ./conftest
configure:3577: $? = 0
configure:3592: result: no
configure:3597: checking for suffix of object files
configure:3619: gcc -c   conftest.c >&5
configure:3623: $? = 0
configure:3644: result: o
configure:3648: checking whether we are using the GNU C compiler
configure:3667: gcc -c   conftest.c >&5
configure:3667: $? = 0
configure:3676: result: yes
configure:3685: checking whether gcc accepts -g
configure:3705: gcc -c -g  conftest.c >&5
configure:3705: $? = 0
configure:3746: result: yes
configure:3763: checking for gcc option to accept ISO C89
configure:3826: gcc  -c -g -O2  conftest.c >&5
configure:3826: $? = 0
configure:3839: result: none needed
configure:3864: checking whether gcc understands -c and -o together
configure:3886: gcc -c conftest.c -o conftest2.o
configure:3889: $? = 0
configure:3886: gcc -c conftest.c -o conftest2.o
configure:3889: $? = 0
configure:3901: result: yes
configure:3920: checking dependency style of gcc
configure:4031: result: gcc3
configure:4052: checking how to run the C preprocessor
configure:4083: gcc -E  conftest.c
configure:4083: $? = 0
configure:4097: gcc -E  conftest.c
conftest.c:13:28: fatal error: ac_nonexistent.h: No such file or directory
compilation terminated.
configure:4097: $? = 1
configure: failed program was:
| /* confdefs.h */
| #define PACKAGE_NAME "Tinyproxy"
| #define PACKAGE_TARNAME "tinyproxy"
| #define PACKAGE_VERSION "1.9.0"
| #define PACKAGE_STRING "Tinyproxy 1.9.0"
| #define PACKAGE_BUGREPORT "https://tinyproxy.github.io/"
| #define PACKAGE_URL ""
| #define PACKAGE "tinyproxy"
| #define VERSION "1.9.0"
| #define TINYPROXY_VERSION "1.9.0"
| #define TINYPROXY_UNSTABLE 1
| /* end confdefs.h.  */
| #include <ac_nonexistent.h>
configure:4122: result: gcc -E
configure:4142: gcc -E  conftest.c
configure:4142: $? = 0
configure:4156: gcc -E  conftest.c
conftest.c:13:28: fatal error: ac_nonexistent.h: No such file or directory
compilation terminated.
configure:4156: $? = 1
configure: failed program was:
| /* confdefs.h */
| #define PACKAGE_NAME "Tinyproxy"
| #define PACKAGE_TARNAME "tinyproxy"
| #define PACKAGE_VERSION "1.9.0"
| #define PACKAGE_STRING "Tinyproxy 1.9.0"
| #define PACKAGE_BUGREPORT "https://tinyproxy.github.io/"
| #define PACKAGE_URL ""
| #define PACKAGE "tinyproxy"
| #define VERSION "1.9.0"
| #define TINYPROXY_VERSION "1.9.0"
| #define TINYPROXY_UNSTABLE 1
| /* end confdefs.h.  */
| #include <ac_nonexistent.h>
configure:4185: checking for grep that handles long lines and -e
configure:4243: result: /bin/grep
configure:4248: checking for egrep
configure:4310: result: /bin/grep -E
configure:4315: checking for ANSI C header files
configure:4335: gcc -c -g -O2  conftest.c >&5
configure:4335: $? = 0
configure:4408: gcc -o conftest -g -O2   conftest.c  >&5
configure:4408: $? = 0
configure:4408: ./conftest
configure:4408: $? = 0
configure:4419: result: yes
configure:4432: checking for sys/types.h
configure:4432: gcc -c -g -O2  conftest.c >&5
configure:4432: $? = 0
configure:4432: result: yes
configure:4432: checking for sys/stat.h
configure:4432: gcc -c -g -O2  conftest.c >&5
configure:4432: $? = 0
configure:4432: result: yes
configure:4432: checking for stdlib.h
configure:4432: gcc -c -g -O2  conftest.c >&5
configure:4432: $? = 0
configure:4432: result: yes
configure:4432: checking for string.h
configure:4432: gcc -c -g -O2  conftest.c >&5
configure:4432: $? = 0
configure:4432: result: yes
configure:4432: checking for memory.h
configure:4432: gcc -c -g -O2  conftest.c >&5
configure:4432: $? = 0
configure:4432: result: yes
configure:4432: checking for strings.h
configure:4432: gcc -c -g -O2  conftest.c >&5
configure:4432: $? = 0
configure:4432: result: yes
configure:4432: checking for inttypes.h
configure:4432: gcc -c -g -O2  conftest.c >&5
configure:4432: $? = 0
configure:4432: result: yes
configure:4432: checking for stdint.h
configure:4432: gcc -c -g -O2  conftest.c >&5
configure:4432: $? = 0
configure:4432: result: yes
configure:4432: checking for unistd.h
configure:4432: gcc -c -g -O2  conftest.c >&5
configure:4432: $? = 0
configure:4432: result: yes
configure:4445: checking minix/config.h usability
configure:4445: gcc -c -g -O2  conftest.c >&5
conftest.c:56:26: fatal error: minix/config.h: No such file or directory
compilation terminated.
configure:4445: $? = 1
configure: failed program was:
| /* confdefs.h */
| #define PACKAGE_NAME "Tinyproxy"
| #define PACKAGE_TARNAME "tinyproxy"
| #define PACKAGE_VERSION "1.9.0"
| #define PACKAGE_STRING "Tinyproxy 1.9.0"
| #define PACKAGE_BUGREPORT "https://tinyproxy.github.io/"
| #define PACKAGE_URL ""
| #define PACKAGE "tinyproxy"
| #define VERSION "1.9.0"
| #define TINYPROXY_VERSION "1.9.0"
| #define TINYPROXY_UNSTABLE 1
| #define STDC_HEADERS 1
| #define HAVE_SYS_TYPES_H 1
| #define HAVE_SYS_STAT_H 1
| #define HAVE_STDLIB_H 1
| #define HAVE_STRING_H 1
| #define HAVE_MEMORY_H 1
| #define HAVE_STRINGS_H 1
| #define HAVE_INTTYPES_H 1
| #define HAVE_STDINT_H 1
| #define HAVE_UNISTD_H 1
| /* end confdefs.h.  */
| #include <stdio.h>
| #ifdef HAVE_SYS_TYPES_H
| # include <sys/types.h>
| #endif
| #ifdef HAVE_SYS_STAT_H
| # include <sys/stat.h>
| #endif
| #ifdef STDC_HEADERS
| # include <stdlib.h>
| # include <stddef.h>
| #else
| # ifdef HAVE_STDLIB_H
| #  include <stdlib.h>
| # endif
| #endif
| #ifdef HAVE_STRING_H
| # if !defined STDC_HEADERS && defined HAVE_MEMORY_H
| #  include <memory.h>
| # endif
| # include <string.h>
| #endif
| #ifdef HAVE_STRINGS_H
| # include <strings.h>
| #endif
| #ifdef HAVE_INTTYPES_H
| # include <inttypes.h>
| #endif
| #ifdef HAVE_STDINT_H
| # include <stdint.h>
| #endif
| #ifdef HAVE_UNISTD_H
| # include <unistd.h>
| #endif
| #include <minix/config.h>
configure:4445: result: no
configure:4445: checking minix/config.h presence
configure:4445: gcc -E  conftest.c
conftest.c:23:26: fatal error: minix/config.h: No such file or directory
compilation terminated.
configure:4445: $? = 1
configure: failed program was:
| /* confdefs.h */
| #define PACKAGE_NAME "Tinyproxy"
| #define PACKAGE_TARNAME "tinyproxy"
| #define PACKAGE_VERSION "1.9.0"
| #define PACKAGE_STRING "Tinyproxy 1.9.0"
| #define PACKAGE_BUGREPORT "https://tinyproxy.github.io/"
| #define PACKAGE_URL ""
| #define PACKAGE "tinyproxy"
| #define VERSION "1.9.0"
| #define TINYPROXY_VERSION "1.9.0"
| #define TINYPROXY_UNSTABLE 1
| #define STDC_HEADERS 1
| #define HAVE_SYS_TYPES_H 1
| #define HAVE_SYS_STAT_H 1
| #define HAVE_STDLIB_H 1
| #define HAVE_STRING_H 1
| #define HAVE_MEMORY_H 1
| #define HAVE_STRINGS_H 1
| #define HAVE_INTTYPES_H 1
| #define HAVE_STDINT_H 1
| #define HAVE_UNISTD_H 1
| /* end confdefs.h.  */
| #include <minix/config.h>
configure:4445: result: no
configure:4445: checking for minix/config.h
configure:4445: result: no
configure:4466: checking whether it is safe to define __EXTENSIONS__
configure:4484: gcc -c -g -O2  conftest.c >&5
configure:4484: $? = 0
configure:4491: result: yes
configure:4678: checking for gcc
configure:4705: result: gcc
configure:4934: checking for C compiler version
configure:4943: gcc --version >&5
gcc (Ubuntu 5.4.0-6ubuntu1~16.04.4) 5.4.0 20160609
Copyright (C) 2015 Free Software Foundation, Inc.
This is free software; see the source for copying conditions.  There is NO
warranty; not even for MERCHANTABILITY or FITNESS FOR A PARTICULAR PURPOSE.

configure:4954: $? = 0
configure:4943: gcc -v >&5
Using built-in specs.
COLLECT_GCC=gcc
COLLECT_LTO_WRAPPER=/usr/lib/gcc/x86_64-linux-gnu/5/lto-wrapper
Target: x86_64-linux-gnu
Configured with: ../src/configure -v --with-pkgversion='Ubuntu 5.4.0-6ubuntu1~16.04.4' --with-bugurl=file:///usr/share/doc/gcc-5/README.Bugs --enable-languages=c,ada,c++,java,go,d,fortran,objc,obj-c++ --prefix=/usr --program-suffix=-5 --enable-shared --enable-linker-build-id --libexecdir=/usr/lib --without-included-gettext --enable-threads=posix --libdir=/usr/lib --enable-nls --with-sysroot=/ --enable-clocale=gnu --enable-libstdcxx-debug --enable-libstdcxx-time=yes --with-default-libstdcxx-abi=new --enable-gnu-unique-object --disable-vtable-verify --enable-libmpx --enable-plugin --with-system-zlib --disable-browser-plugin --enable-java-awt=gtk --enable-gtk-cairo --with-java-home=/usr/lib/jvm/java-1.5.0-gcj-5-amd64/jre --enable-java-home --with-jvm-root-dir=/usr/lib/jvm/java-1.5.0-gcj-5-amd64 --with-jvm-jar-dir=/usr/lib/jvm-exports/java-1.5.0-gcj-5-amd64 --with-arch-directory=amd64 --with-ecj-jar=/usr/share/java/eclipse-ecj.jar --enable-objc-gc --enable-multiarch --disable-werror --with-arch-32=i686 --with-abi=m64 --with-multilib-list=m32,m64,mx32 --enable-multilib --with-tune=generic --enable-checking=release --build=x86_64-linux-gnu --host=x86_64-linux-gnu --target=x86_64-linux-gnu
Thread model: posix
gcc version 5.4.0 20160609 (Ubuntu 5.4.0-6ubuntu1~16.04.4) 
configure:4954: $? = 0
configure:4943: gcc -V >&5
gcc: error: unrecognized command line option '-V'
gcc: fatal error: no input files
compilation terminated.
configure:4954: $? = 1
configure:4943: gcc -qversion >&5
gcc: error: unrecognized command line option '-qversion'
gcc: fatal error: no input files
compilation terminated.
configure:4954: $? = 1
configure:4958: checking whether we are using the GNU C compiler
configure:4986: result: yes
configure:4995: checking whether gcc accepts -g
configure:5056: result: yes
configure:5073: checking for gcc option to accept ISO C89
configure:5149: result: none needed
configure:5174: checking whether gcc understands -c and -o together
configure:5211: result: yes
configure:5230: checking dependency style of gcc
configure:5341: result: gcc3
configure:5357: checking for socket in -lsocket
configure:5382: gcc -o conftest -g -O2   conftest.c -lsocket   >&5
/usr/bin/ld: cannot find -lsocket
collect2: error: ld returned 1 exit status
configure:5382: $? = 1
configure: failed program was:
| /* confdefs.h */
| #define PACKAGE_NAME "Tinyproxy"
| #define PACKAGE_TARNAME "tinyproxy"
| #define PACKAGE_VERSION "1.9.0"
| #define PACKAGE_STRING "Tinyproxy 1.9.0"
| #define PACKAGE_BUGREPORT "https://tinyproxy.github.io/"
| #define PACKAGE_URL ""
| #define PACKAGE "tinyproxy"
| #define VERSION "1.9.0"
| #define TINYPROXY_VERSION "1.9.0"
| #define TINYPROXY_UNSTABLE 1
| #define STDC_HEADERS 1
| #define HAVE_SYS_TYPES_H 1
| #define HAVE_SYS_STAT_H 1
| #define HAVE_STDLIB_H 1
| #define HAVE_STRING_H 1
| #define HAVE_MEMORY_H 1
| #define HAVE_STRINGS_H 1
| #define HAVE_INTTYPES_H 1
| #define HAVE_STDINT_H 1
| #define HAVE_UNISTD_H 1
| #define __EXTENSIONS__ 1
| #define _ALL_SOURCE 1
| #define _GNU_SOURCE 1
| #define _POSIX_PTHREAD_SEMANTICS 1
| #define _TANDEM_SOURCE 1
| #define TINYPROXY_STATHOST "tinyproxy.stats"
| #define XTINYPROXY_ENABLE 1
| #define FILTER_ENABLE 1
| #define UPSTREAM_SUPPORT 1
| /* end confdefs.h.  */
| 
| /* Override any GCC internal prototype to avoid an error.
|    Use char because int might match the return type of a GCC
|    builtin and then its argument prototype would still apply.  */
| #ifdef __cplusplus
| extern "C"
| #endif
| char socket ();
| int
| main ()
| {
| return socket ();
|   ;
|   return 0;
| }
configure:5391: result: no
configure:5401: checking for htonl in -lsocket
configure:5426: gcc -o conftest -g -O2   conftest.c -lsocket   >&5
/usr/bin/ld: cannot find -lsocket
collect2: error: ld returned 1 exit status
configure:5426: $? = 1
configure: failed program was:
| /* confdefs.h */
| #define PACKAGE_NAME "Tinyproxy"
| #define PACKAGE_TARNAME "tinyproxy"
| #define PACKAGE_VERSION "1.9.0"
| #define PACKAGE_STRING "Tinyproxy 1.9.0"
| #define PACKAGE_BUGREPORT "https://tinyproxy.github.io/"
| #define PACKAGE_URL ""
| #define PACKAGE "tinyproxy"
| #define VERSION "1.9.0"
| #define TINYPROXY_VERSION "1.9.0"
| #define TINYPROXY_UNSTABLE 1
| #define STDC_HEADERS 1
| #define HAVE_SYS_TYPES_H 1
| #define HAVE_SYS_STAT_H 1
| #define HAVE_STDLIB_H 1
| #define HAVE_STRING_H 1
| #define HAVE_MEMORY_H 1
| #define HAVE_STRINGS_H 1
| #define HAVE_INTTYPES_H 1
| #define HAVE_STDINT_H 1
| #define HAVE_UNISTD_H 1
| #define __EXTENSIONS__ 1
| #define _ALL_SOURCE 1
| #define _GNU_SOURCE 1
| #define _POSIX_PTHREAD_SEMANTICS 1
| #define _TANDEM_SOURCE 1
| #define TINYPROXY_STATHOST "tinyproxy.stats"
| #define XTINYPROXY_ENABLE 1
| #define FILTER_ENABLE 1
| #define UPSTREAM_SUPPORT 1
| /* end confdefs.h.  */
| 
| /* Override any GCC internal prototype to avoid an error.
|    Use char because int might match the return type of a GCC
|    builtin and then its argument prototype would still apply.  */
| #ifdef __cplusplus
| extern "C"
| #endif
| char htonl ();
| int
| main ()
| {
| return htonl ();
|   ;
|   return 0;
| }
configure:5435: result: no
configure:5451: checking for yp_get_default_domain
configure:5451: gcc -o conftest -g -O2   conftest.c  >&5
/tmp/ccO1VoDw.o: In function `main':
/home/vladimirb/tinyproxy/conftest.c:66: undefined reference to `yp_get_default_domain'
collect2: error: ld returned 1 exit status
configure:5451: $? = 1
configure: failed program was:
| /* confdefs.h */
| #define PACKAGE_NAME "Tinyproxy"
| #define PACKAGE_TARNAME "tinyproxy"
| #define PACKAGE_VERSION "1.9.0"
| #define PACKAGE_STRING "Tinyproxy 1.9.0"
| #define PACKAGE_BUGREPORT "https://tinyproxy.github.io/"
| #define PACKAGE_URL ""
| #define PACKAGE "tinyproxy"
| #define VERSION "1.9.0"
| #define TINYPROXY_VERSION "1.9.0"
| #define TINYPROXY_UNSTABLE 1
| #define STDC_HEADERS 1
| #define HAVE_SYS_TYPES_H 1
| #define HAVE_SYS_STAT_H 1
| #define HAVE_STDLIB_H 1
| #define HAVE_STRING_H 1
| #define HAVE_MEMORY_H 1
| #define HAVE_STRINGS_H 1
| #define HAVE_INTTYPES_H 1
| #define HAVE_STDINT_H 1
| #define HAVE_UNISTD_H 1
| #define __EXTENSIONS__ 1
| #define _ALL_SOURCE 1
| #define _GNU_SOURCE 1
| #define _POSIX_PTHREAD_SEMANTICS 1
| #define _TANDEM_SOURCE 1
| #define TINYPROXY_STATHOST "tinyproxy.stats"
| #define XTINYPROXY_ENABLE 1
| #define FILTER_ENABLE 1
| #define UPSTREAM_SUPPORT 1
| /* end confdefs.h.  */
| /* Define yp_get_default_domain to an innocuous variant, in case <limits.h> declares yp_get_default_domain.
|    For example, HP-UX 11i <limits.h> declares gettimeofday.  */
| #define yp_get_default_domain innocuous_yp_get_default_domain
| 
| /* System header to define __stub macros and hopefully few prototypes,
|     which can conflict with char yp_get_default_domain (); below.
|     Prefer <limits.h> to <assert.h> if __STDC__ is defined, since
|     <limits.h> exists even on freestanding compilers.  */
| 
| #ifdef __STDC__
| # include <limits.h>
| #else
| # include <assert.h>
| #endif
| 
| #undef yp_get_default_domain
| 
| /* Override any GCC internal prototype to avoid an error.
|    Use char because int might match the return type of a GCC
|    builtin and then its argument prototype would still apply.  */
| #ifdef __cplusplus
| extern "C"
| #endif
| char yp_get_default_domain ();
| /* The GNU C library defines this for functions which it implements
|     to always fail with ENOSYS.  Some functions are actually named
|     something starting with __ and the normal name is an alias.  */
| #if defined __stub_yp_get_default_domain || defined __stub___yp_get_default_domain
| choke me
| #endif
| 
| int
| main ()
| {
| return yp_get_default_domain ();
|   ;
|   return 0;
| }
configure:5451: result: no
configure:5461: checking for gethostname in -lnsl
configure:5486: gcc -o conftest -g -O2   conftest.c -lnsl   >&5
configure:5486: $? = 0
configure:5495: result: yes
configure:5554: checking for inet_aton in -lresolv
configure:5579: gcc -o conftest -g -O2   conftest.c -lresolv  -lnsl  >&5
configure:5579: $? = 0
configure:5588: result: yes
configure:5600: checking for ANSI C header files
configure:5704: result: yes
configure:5712: checking whether time.h and sys/time.h may both be included
configure:5732: gcc -c -g -O2  conftest.c >&5
configure:5732: $? = 0
configure:5739: result: yes
configure:5747: checking for sys/wait.h that is POSIX.1 compatible
configure:5773: gcc -c -g -O2  conftest.c >&5
configure:5773: $? = 0
configure:5780: result: yes
configure:5792: checking sys/ioctl.h usability
configure:5792: gcc -c -g -O2  conftest.c >&5
configure:5792: $? = 0
configure:5792: result: yes
configure:5792: checking sys/ioctl.h presence
configure:5792: gcc -E  conftest.c
configure:5792: $? = 0
configure:5792: result: yes
configure:5792: checking for sys/ioctl.h
configure:5792: result: yes
configure:5792: checking alloca.h usability
configure:5792: gcc -c -g -O2  conftest.c >&5
configure:5792: $? = 0
configure:5792: result: yes
configure:5792: checking alloca.h presence
configure:5792: gcc -E  conftest.c
configure:5792: $? = 0
configure:5792: result: yes
configure:5792: checking for alloca.h
configure:5792: result: yes
configure:5792: checking for memory.h
configure:5792: result: yes
configure:5792: checking malloc.h usability
configure:5792: gcc -c -g -O2  conftest.c >&5
configure:5792: $? = 0
configure:5792: result: yes
configure:5792: checking malloc.h presence
configure:5792: gcc -E  conftest.c
configure:5792: $? = 0
configure:5792: result: yes
configure:5792: checking for malloc.h
configure:5792: result: yes
configure:5792: checking sysexits.h usability
configure:5792: gcc -c -g -O2  conftest.c >&5
configure:5792: $? = 0
configure:5792: result: yes
configure:5792: checking sysexits.h presence
configure:5792: gcc -E  conftest.c
configure:5792: $? = 0
configure:5792: result: yes
configure:5792: checking for sysexits.h
configure:5792: result: yes
configure:5792: checking values.h usability
configure:5792: gcc -c -g -O2  conftest.c >&5
configure:5792: $? = 0
configure:5792: result: yes
configure:5792: checking values.h presence
configure:5792: gcc -E  conftest.c
configure:5792: $? = 0
configure:5792: result: yes
configure:5792: checking for values.h
configure:5792: result: yes
configure:5803: checking whether lstat correctly handles trailing slash
configure:5829: gcc -o conftest -g -O2   conftest.c -lresolv -lnsl  >&5
configure:5829: $? = 0
configure:5829: ./conftest
configure:5829: $? = 0
configure:5846: result: yes
configure:5867: checking for stdlib.h
configure:5867: result: yes
configure:5877: checking for GNU libc compatible malloc
configure:5901: gcc -o conftest -g -O2   conftest.c -lresolv -lnsl  >&5
configure:5901: $? = 0
configure:5901: ./conftest
configure:5901: $? = 0
configure:5911: result: yes
configure:5934: checking for stdlib.h
configure:5934: result: yes
configure:5944: checking for GNU libc compatible realloc
configure:5968: gcc -o conftest -g -O2   conftest.c -lresolv -lnsl  >&5
configure:5968: $? = 0
configure:5968: ./conftest
configure:5968: $? = 0
configure:5978: result: yes
configure:6003: checking for inet_ntoa
configure:6003: gcc -o conftest -g -O2   conftest.c -lresolv -lnsl  >&5
configure:6003: $? = 0
configure:6003: result: yes
configure:6003: checking for strdup
configure:6003: gcc -o conftest -g -O2   conftest.c -lresolv -lnsl  >&5
conftest.c:72:6: warning: conflicting types for built-in function 'strdup'
 char strdup ();
      ^
configure:6003: $? = 0
configure:6003: result: yes
configure:6015: checking for strlcpy
configure:6015: gcc -o conftest -g -O2   conftest.c -lresolv -lnsl  >&5
/tmp/cc3ppJyw.o: In function `main':
/home/vladimirb/tinyproxy/conftest.c:84: undefined reference to `strlcpy'
collect2: error: ld returned 1 exit status
configure:6015: $? = 1
configure: failed program was:
| /* confdefs.h */
| #define PACKAGE_NAME "Tinyproxy"
| #define PACKAGE_TARNAME "tinyproxy"
| #define PACKAGE_VERSION "1.9.0"
| #define PACKAGE_STRING "Tinyproxy 1.9.0"
| #define PACKAGE_BUGREPORT "https://tinyproxy.github.io/"
| #define PACKAGE_URL ""
| #define PACKAGE "tinyproxy"
| #define VERSION "1.9.0"
| #define TINYPROXY_VERSION "1.9.0"
| #define TINYPROXY_UNSTABLE 1
| #define STDC_HEADERS 1
| #define HAVE_SYS_TYPES_H 1
| #define HAVE_SYS_STAT_H 1
| #define HAVE_STDLIB_H 1
| #define HAVE_STRING_H 1
| #define HAVE_MEMORY_H 1
| #define HAVE_STRINGS_H 1
| #define HAVE_INTTYPES_H 1
| #define HAVE_STDINT_H 1
| #define HAVE_UNISTD_H 1
| #define __EXTENSIONS__ 1
| #define _ALL_SOURCE 1
| #define _GNU_SOURCE 1
| #define _POSIX_PTHREAD_SEMANTICS 1
| #define _TANDEM_SOURCE 1
| #define TINYPROXY_STATHOST "tinyproxy.stats"
| #define XTINYPROXY_ENABLE 1
| #define FILTER_ENABLE 1
| #define UPSTREAM_SUPPORT 1
| #define HAVE_LIBNSL 1
| #define HAVE_LIBRESOLV 1
| #define STDC_HEADERS 1
| #define TIME_WITH_SYS_TIME 1
| #define HAVE_SYS_WAIT_H 1
| #define HAVE_SYS_IOCTL_H 1
| #define HAVE_ALLOCA_H 1
| #define HAVE_MEMORY_H 1
| #define HAVE_MALLOC_H 1
| #define HAVE_SYSEXITS_H 1
| #define HAVE_VALUES_H 1
| #define LSTAT_FOLLOWS_SLASHED_SYMLINK 1
| #define HAVE_STDLIB_H 1
| #define HAVE_MALLOC 1
| #define HAVE_STDLIB_H 1
| #define HAVE_REALLOC 1
| #define HAVE_INET_NTOA 1
| #define HAVE_STRDUP 1
| /* end confdefs.h.  */
| /* Define strlcpy to an innocuous variant, in case <limits.h> declares strlcpy.
|    For example, HP-UX 11i <limits.h> declares gettimeofday.  */
| #define strlcpy innocuous_strlcpy
| 
| /* System header to define __stub macros and hopefully few prototypes,
|     which can conflict with char strlcpy (); below.
|     Prefer <limits.h> to <assert.h> if __STDC__ is defined, since
|     <limits.h> exists even on freestanding compilers.  */
| 
| #ifdef __STDC__
| # include <limits.h>
| #else
| # include <assert.h>
| #endif
| 
| #undef strlcpy
| 
| /* Override any GCC internal prototype to avoid an error.
|    Use char because int might match the return type of a GCC
|    builtin and then its argument prototype would still apply.  */
| #ifdef __cplusplus
| extern "C"
| #endif
| char strlcpy ();
| /* The GNU C library defines this for functions which it implements
|     to always fail with ENOSYS.  Some functions are actually named
|     something starting with __ and the normal name is an alias.  */
| #if defined __stub_strlcpy || defined __stub___strlcpy
| choke me
| #endif
| 
| int
| main ()
| {
| return strlcpy ();
|   ;
|   return 0;
| }
configure:6015: result: no
configure:6015: checking for strlcat
configure:6015: gcc -o conftest -g -O2   conftest.c -lresolv -lnsl  >&5
/tmp/ccYdv3RA.o: In function `main':
/home/vladimirb/tinyproxy/conftest.c:84: undefined reference to `strlcat'
collect2: error: ld returned 1 exit status
configure:6015: $? = 1
configure: failed program was:
| /* confdefs.h */
| #define PACKAGE_NAME "Tinyproxy"
| #define PACKAGE_TARNAME "tinyproxy"
| #define PACKAGE_VERSION "1.9.0"
| #define PACKAGE_STRING "Tinyproxy 1.9.0"
| #define PACKAGE_BUGREPORT "https://tinyproxy.github.io/"
| #define PACKAGE_URL ""
| #define PACKAGE "tinyproxy"
| #define VERSION "1.9.0"
| #define TINYPROXY_VERSION "1.9.0"
| #define TINYPROXY_UNSTABLE 1
| #define STDC_HEADERS 1
| #define HAVE_SYS_TYPES_H 1
| #define HAVE_SYS_STAT_H 1
| #define HAVE_STDLIB_H 1
| #define HAVE_STRING_H 1
| #define HAVE_MEMORY_H 1
| #define HAVE_STRINGS_H 1
| #define HAVE_INTTYPES_H 1
| #define HAVE_STDINT_H 1
| #define HAVE_UNISTD_H 1
| #define __EXTENSIONS__ 1
| #define _ALL_SOURCE 1
| #define _GNU_SOURCE 1
| #define _POSIX_PTHREAD_SEMANTICS 1
| #define _TANDEM_SOURCE 1
| #define TINYPROXY_STATHOST "tinyproxy.stats"
| #define XTINYPROXY_ENABLE 1
| #define FILTER_ENABLE 1
| #define UPSTREAM_SUPPORT 1
| #define HAVE_LIBNSL 1
| #define HAVE_LIBRESOLV 1
| #define STDC_HEADERS 1
| #define TIME_WITH_SYS_TIME 1
| #define HAVE_SYS_WAIT_H 1
| #define HAVE_SYS_IOCTL_H 1
| #define HAVE_ALLOCA_H 1
| #define HAVE_MEMORY_H 1
| #define HAVE_MALLOC_H 1
| #define HAVE_SYSEXITS_H 1
| #define HAVE_VALUES_H 1
| #define LSTAT_FOLLOWS_SLASHED_SYMLINK 1
| #define HAVE_STDLIB_H 1
| #define HAVE_MALLOC 1
| #define HAVE_STDLIB_H 1
| #define HAVE_REALLOC 1
| #define HAVE_INET_NTOA 1
| #define HAVE_STRDUP 1
| /* end confdefs.h.  */
| /* Define strlcat to an innocuous variant, in case <limits.h> declares strlcat.
|    For example, HP-UX 11i <limits.h> declares gettimeofday.  */
| #define strlcat innocuous_strlcat
| 
| /* System header to define __stub macros and hopefully few prototypes,
|     which can conflict with char strlcat (); below.
|     Prefer <limits.h> to <assert.h> if __STDC__ is defined, since
|     <limits.h> exists even on freestanding compilers.  */
| 
| #ifdef __STDC__
| # include <limits.h>
| #else
| # include <assert.h>
| #endif
| 
| #undef strlcat
| 
| /* Override any GCC internal prototype to avoid an error.
|    Use char because int might match the return type of a GCC
|    builtin and then its argument prototype would still apply.  */
| #ifdef __cplusplus
| extern "C"
| #endif
| char strlcat ();
| /* The GNU C library defines this for functions which it implements
|     to always fail with ENOSYS.  Some functions are actually named
|     something starting with __ and the normal name is an alias.  */
| #if defined __stub_strlcat || defined __stub___strlcat
| choke me
| #endif
| 
| int
| main ()
| {
| return strlcat ();
|   ;
|   return 0;
| }
configure:6015: result: no
configure:6015: checking for setgroups
configure:6015: gcc -o conftest -g -O2   conftest.c -lresolv -lnsl  >&5
configure:6015: $? = 0
configure:6015: result: yes
configure:6033: checking to see if compiler understands -fdiagnostics-show-option
configure:6050: gcc -c -g -O2 -fdiagnostics-show-option  conftest.c >&5
configure:6050: $? = 0
configure:6065: result: yes
configure:6033: checking to see if compiler understands -Wall
configure:6050: gcc -c -g -O2 -fdiagnostics-show-option -Wall  conftest.c >&5
configure:6050: $? = 0
configure:6065: result: yes
configure:6033: checking to see if compiler understands -Wextra
configure:6050: gcc -c -g -O2 -fdiagnostics-show-option -Wall -Wextra  conftest.c >&5
configure:6050: $? = 0
configure:6065: result: yes
configure:6033: checking to see if compiler understands -Wno-unused-parameter
configure:6050: gcc -c -g -O2 -fdiagnostics-show-option -Wall -Wextra -Wno-unused-parameter  conftest.c >&5
configure:6050: $? = 0
configure:6065: result: yes
configure:6033: checking to see if compiler understands -Wmissing-prototypes
configure:6050: gcc -c -g -O2 -fdiagnostics-show-option -Wall -Wextra -Wno-unused-parameter -Wmissing-prototypes  conftest.c >&5
configure:6050: $? = 0
configure:6065: result: yes
configure:6033: checking to see if compiler understands -Wstrict-prototypes
configure:6050: gcc -c -g -O2 -fdiagnostics-show-option -Wall -Wextra -Wno-unused-parameter -Wmissing-prototypes -Wstrict-prototypes  conftest.c >&5
conftest.c:53:1: warning: function declaration isn't a prototype [-Wstrict-prototypes]
 main ()
 ^
configure:6050: $? = 0
configure:6065: result: yes
configure:6033: checking to see if compiler understands -Wmissing-declarations
configure:6050: gcc -c -g -O2 -fdiagnostics-show-option -Wall -Wextra -Wno-unused-parameter -Wmissing-prototypes -Wstrict-prototypes -Wmissing-declarations  conftest.c >&5
conftest.c:53:1: warning: function declaration isn't a prototype [-Wstrict-prototypes]
 main ()
 ^
configure:6050: $? = 0
configure:6065: result: yes
configure:6033: checking to see if compiler understands -Wfloat-equal
configure:6050: gcc -c -g -O2 -fdiagnostics-show-option -Wall -Wextra -Wno-unused-parameter -Wmissing-prototypes -Wstrict-prototypes -Wmissing-declarations -Wfloat-equal  conftest.c >&5
conftest.c:53:1: warning: function declaration isn't a prototype [-Wstrict-prototypes]
 main ()
 ^
configure:6050: $? = 0
configure:6065: result: yes
configure:6033: checking to see if compiler understands -Wundef
configure:6050: gcc -c -g -O2 -fdiagnostics-show-option -Wall -Wextra -Wno-unused-parameter -Wmissing-prototypes -Wstrict-prototypes -Wmissing-declarations -Wfloat-equal -Wundef  conftest.c >&5
conftest.c:53:1: warning: function declaration isn't a prototype [-Wstrict-prototypes]
 main ()
 ^
configure:6050: $? = 0
configure:6065: result: yes
configure:6033: checking to see if compiler understands -Wformat=2
configure:6050: gcc -c -g -O2 -fdiagnostics-show-option -Wall -Wextra -Wno-unused-parameter -Wmissing-prototypes -Wstrict-prototypes -Wmissing-declarations -Wfloat-equal -Wundef -Wformat=2  conftest.c >&5
conftest.c:53:1: warning: function declaration isn't a prototype [-Wstrict-prototypes]
 main ()
 ^
configure:6050: $? = 0
configure:6065: result: yes
configure:6033: checking to see if compiler understands -Wlogical-op
configure:6050: gcc -c -g -O2 -fdiagnostics-show-option -Wall -Wextra -Wno-unused-parameter -Wmissing-prototypes -Wstrict-prototypes -Wmissing-declarations -Wfloat-equal -Wundef -Wformat=2 -Wlogical-op  conftest.c >&5
conftest.c:53:1: warning: function declaration isn't a prototype [-Wstrict-prototypes]
 main ()
 ^
configure:6050: $? = 0
configure:6065: result: yes
configure:6033: checking to see if compiler understands -Wmissing-include-dirs
configure:6050: gcc -c -g -O2 -fdiagnostics-show-option -Wall -Wextra -Wno-unused-parameter -Wmissing-prototypes -Wstrict-prototypes -Wmissing-declarations -Wfloat-equal -Wundef -Wformat=2 -Wlogical-op -Wmissing-include-dirs  conftest.c >&5
conftest.c:53:1: warning: function declaration isn't a prototype [-Wstrict-prototypes]
 main ()
 ^
configure:6050: $? = 0
configure:6065: result: yes
configure:6033: checking to see if compiler understands -Wformat-nonliteral
configure:6050: gcc -c -g -O2 -fdiagnostics-show-option -Wall -Wextra -Wno-unused-parameter -Wmissing-prototypes -Wstrict-prototypes -Wmissing-declarations -Wfloat-equal -Wundef -Wformat=2 -Wlogical-op -Wmissing-include-dirs -Wformat-nonliteral  conftest.c >&5
conftest.c:53:1: warning: function declaration isn't a prototype [-Wstrict-prototypes]
 main ()
 ^
configure:6050: $? = 0
configure:6065: result: yes
configure:6033: checking to see if compiler understands -Wold-style-definition
configure:6050: gcc -c -g -O2 -fdiagnostics-show-option -Wall -Wextra -Wno-unused-parameter -Wmissing-prototypes -Wstrict-prototypes -Wmissing-declarations -Wfloat-equal -Wundef -Wformat=2 -Wlogical-op -Wmissing-include-dirs -Wformat-nonliteral -Wold-style-definition  conftest.c >&5
conftest.c:53:1: warning: function declaration isn't a prototype [-Wstrict-prototypes]
 main ()
 ^
conftest.c: In function 'main':
conftest.c:53:1: warning: old-style function definition [-Wold-style-definition]
configure:6050: $? = 0
configure:6065: result: yes
configure:6033: checking to see if compiler understands -Wpointer-arith
configure:6050: gcc -c -g -O2 -fdiagnostics-show-option -Wall -Wextra -Wno-unused-parameter -Wmissing-prototypes -Wstrict-prototypes -Wmissing-declarations -Wfloat-equal -Wundef -Wformat=2 -Wlogical-op -Wmissing-include-dirs -Wformat-nonliteral -Wold-style-definition -Wpointer-arith  conftest.c >&5
conftest.c:53:1: warning: function declaration isn't a prototype [-Wstrict-prototypes]
 main ()
 ^
conftest.c: In function 'main':
conftest.c:53:1: warning: old-style function definition [-Wold-style-definition]
configure:6050: $? = 0
configure:6065: result: yes
configure:6033: checking to see if compiler understands -Waggregate-return
configure:6050: gcc -c -g -O2 -fdiagnostics-show-option -Wall -Wextra -Wno-unused-parameter -Wmissing-prototypes -Wstrict-prototypes -Wmissing-declarations -Wfloat-equal -Wundef -Wformat=2 -Wlogical-op -Wmissing-include-dirs -Wformat-nonliteral -Wold-style-definition -Wpointer-arith -Waggregate-return  conftest.c >&5
conftest.c:53:1: warning: function declaration isn't a prototype [-Wstrict-prototypes]
 main ()
 ^
conftest.c: In function 'main':
conftest.c:53:1: warning: old-style function definition [-Wold-style-definition]
configure:6050: $? = 0
configure:6065: result: yes
configure:6033: checking to see if compiler understands -Winit-self
configure:6050: gcc -c -g -O2 -fdiagnostics-show-option -Wall -Wextra -Wno-unused-parameter -Wmissing-prototypes -Wstrict-prototypes -Wmissing-declarations -Wfloat-equal -Wundef -Wformat=2 -Wlogical-op -Wmissing-include-dirs -Wformat-nonliteral -Wold-style-definition -Wpointer-arith -Waggregate-return -Winit-self  conftest.c >&5
conftest.c:53:1: warning: function declaration isn't a prototype [-Wstrict-prototypes]
 main ()
 ^
conftest.c: In function 'main':
conftest.c:53:1: warning: old-style function definition [-Wold-style-definition]
configure:6050: $? = 0
configure:6065: result: yes
configure:6033: checking to see if compiler understands -Wpacked
configure:6050: gcc -c -g -O2 -fdiagnostics-show-option -Wall -Wextra -Wno-unused-parameter -Wmissing-prototypes -Wstrict-prototypes -Wmissing-declarations -Wfloat-equal -Wundef -Wformat=2 -Wlogical-op -Wmissing-include-dirs -Wformat-nonliteral -Wold-style-definition -Wpointer-arith -Waggregate-return -Winit-self -Wpacked  conftest.c >&5
conftest.c:53:1: warning: function declaration isn't a prototype [-Wstrict-prototypes]
 main ()
 ^
conftest.c: In function 'main':
conftest.c:53:1: warning: old-style function definition [-Wold-style-definition]
configure:6050: $? = 0
configure:6065: result: yes
configure:6033: checking to see if compiler understands --std=c89
configure:6050: gcc -c -g -O2 -fdiagnostics-show-option -Wall -Wextra -Wno-unused-parameter -Wmissing-prototypes -Wstrict-prototypes -Wmissing-declarations -Wfloat-equal -Wundef -Wformat=2 -Wlogical-op -Wmissing-include-dirs -Wformat-nonliteral -Wold-style-definition -Wpointer-arith -Waggregate-return -Winit-self -Wpacked --std=c89  conftest.c >&5
conftest.c:53:1: warning: function declaration isn't a prototype [-Wstrict-prototypes]
 main ()
 ^
conftest.c: In function 'main':
conftest.c:53:1: warning: old-style function definition [-Wold-style-definition]
configure:6050: $? = 0
configure:6065: result: yes
configure:6033: checking to see if compiler understands -ansi
configure:6050: gcc -c -g -O2 -fdiagnostics-show-option -Wall -Wextra -Wno-unused-parameter -Wmissing-prototypes -Wstrict-prototypes -Wmissing-declarations -Wfloat-equal -Wundef -Wformat=2 -Wlogical-op -Wmissing-include-dirs -Wformat-nonliteral -Wold-style-definition -Wpointer-arith -Waggregate-return -Winit-self -Wpacked --std=c89 -ansi  conftest.c >&5
conftest.c:53:1: warning: function declaration isn't a prototype [-Wstrict-prototypes]
 main ()
 ^
conftest.c: In function 'main':
conftest.c:53:1: warning: old-style function definition [-Wold-style-definition]
configure:6050: $? = 0
configure:6065: result: yes
configure:6033: checking to see if compiler understands -pedantic
configure:6050: gcc -c -g -O2 -fdiagnostics-show-option -Wall -Wextra -Wno-unused-parameter -Wmissing-prototypes -Wstrict-prototypes -Wmissing-declarations -Wfloat-equal -Wundef -Wformat=2 -Wlogical-op -Wmissing-include-dirs -Wformat-nonliteral -Wold-style-definition -Wpointer-arith -Waggregate-return -Winit-self -Wpacked --std=c89 -ansi -pedantic  conftest.c >&5
conftest.c:53:1: warning: function declaration isn't a prototype [-Wstrict-prototypes]
 main ()
 ^
conftest.c: In function 'main':
conftest.c:53:1: warning: old-style function definition [-Wold-style-definition]
configure:6050: $? = 0
configure:6065: result: yes
configure:6033: checking to see if compiler understands -Wno-overlength-strings
configure:6050: gcc -c -g -O2 -fdiagnostics-show-option -Wall -Wextra -Wno-unused-parameter -Wmissing-prototypes -Wstrict-prototypes -Wmissing-declarations -Wfloat-equal -Wundef -Wformat=2 -Wlogical-op -Wmissing-include-dirs -Wformat-nonliteral -Wold-style-definition -Wpointer-arith -Waggregate-return -Winit-self -Wpacked --std=c89 -ansi -pedantic -Wno-overlength-strings  conftest.c >&5
conftest.c:53:1: warning: function declaration isn't a prototype [-Wstrict-prototypes]
 main ()
 ^
conftest.c: In function 'main':
conftest.c:53:1: warning: old-style function definition [-Wold-style-definition]
configure:6050: $? = 0
configure:6065: result: yes
configure:6033: checking to see if compiler understands -Wc++-compat
configure:6050: gcc -c -g -O2 -fdiagnostics-show-option -Wall -Wextra -Wno-unused-parameter -Wmissing-prototypes -Wstrict-prototypes -Wmissing-declarations -Wfloat-equal -Wundef -Wformat=2 -Wlogical-op -Wmissing-include-dirs -Wformat-nonliteral -Wold-style-definition -Wpointer-arith -Waggregate-return -Winit-self -Wpacked --std=c89 -ansi -pedantic -Wno-overlength-strings -Wc++-compat  conftest.c >&5
conftest.c:53:1: warning: function declaration isn't a prototype [-Wstrict-prototypes]
 main ()
 ^
conftest.c: In function 'main':
conftest.c:53:1: warning: old-style function definition [-Wold-style-definition]
configure:6050: $? = 0
configure:6065: result: yes
configure:6033: checking to see if compiler understands -Wno-long-long
configure:6050: gcc -c -g -O2 -fdiagnostics-show-option -Wall -Wextra -Wno-unused-parameter -Wmissing-prototypes -Wstrict-prototypes -Wmissing-declarations -Wfloat-equal -Wundef -Wformat=2 -Wlogical-op -Wmissing-include-dirs -Wformat-nonliteral -Wold-style-definition -Wpointer-arith -Waggregate-return -Winit-self -Wpacked --std=c89 -ansi -pedantic -Wno-overlength-strings -Wc++-compat -Wno-long-long  conftest.c >&5
conftest.c:53:1: warning: function declaration isn't a prototype [-Wstrict-prototypes]
 main ()
 ^
conftest.c: In function 'main':
conftest.c:53:1: warning: old-style function definition [-Wold-style-definition]
configure:6050: $? = 0
configure:6065: result: yes
configure:6033: checking to see if compiler understands -Wno-overlength-strings
configure:6050: gcc -c -g -O2 -fdiagnostics-show-option -Wall -Wextra -Wno-unused-parameter -Wmissing-prototypes -Wstrict-prototypes -Wmissing-declarations -Wfloat-equal -Wundef -Wformat=2 -Wlogical-op -Wmissing-include-dirs -Wformat-nonliteral -Wold-style-definition -Wpointer-arith -Waggregate-return -Winit-self -Wpacked --std=c89 -ansi -pedantic -Wno-overlength-strings -Wc++-compat -Wno-long-long -Wno-overlength-strings  conftest.c >&5
conftest.c:53:1: warning: function declaration isn't a prototype [-Wstrict-prototypes]
 main ()
 ^
conftest.c: In function 'main':
conftest.c:53:1: warning: old-style function definition [-Wold-style-definition]
configure:6050: $? = 0
configure:6065: result: yes
configure:6033: checking to see if compiler understands -Wdeclaration-after-statement
configure:6050: gcc -c -g -O2 -fdiagnostics-show-option -Wall -Wextra -Wno-unused-parameter -Wmissing-prototypes -Wstrict-prototypes -Wmissing-declarations -Wfloat-equal -Wundef -Wformat=2 -Wlogical-op -Wmissing-include-dirs -Wformat-nonliteral -Wold-style-definition -Wpointer-arith -Waggregate-return -Winit-self -Wpacked --std=c89 -ansi -pedantic -Wno-overlength-strings -Wc++-compat -Wno-long-long -Wno-overlength-strings -Wdeclaration-after-statement  conftest.c >&5
conftest.c:53:1: warning: function declaration isn't a prototype [-Wstrict-prototypes]
 main ()
 ^
conftest.c: In function 'main':
conftest.c:53:1: warning: old-style function definition [-Wold-style-definition]
configure:6050: $? = 0
configure:6065: result: yes
configure:6033: checking to see if compiler understands -Wredundant-decls
configure:6050: gcc -c -g -O2 -fdiagnostics-show-option -Wall -Wextra -Wno-unused-parameter -Wmissing-prototypes -Wstrict-prototypes -Wmissing-declarations -Wfloat-equal -Wundef -Wformat=2 -Wlogical-op -Wmissing-include-dirs -Wformat-nonliteral -Wold-style-definition -Wpointer-arith -Waggregate-return -Winit-self -Wpacked --std=c89 -ansi -pedantic -Wno-overlength-strings -Wc++-compat -Wno-long-long -Wno-overlength-strings -Wdeclaration-after-statement -Wredundant-decls  conftest.c >&5
conftest.c:53:1: warning: function declaration isn't a prototype [-Wstrict-prototypes]
 main ()
 ^
conftest.c: In function 'main':
conftest.c:53:1: warning: old-style function definition [-Wold-style-definition]
configure:6050: $? = 0
configure:6065: result: yes
configure:6033: checking to see if compiler understands -Wmissing-noreturn
configure:6050: gcc -c -g -O2 -fdiagnostics-show-option -Wall -Wextra -Wno-unused-parameter -Wmissing-prototypes -Wstrict-prototypes -Wmissing-declarations -Wfloat-equal -Wundef -Wformat=2 -Wlogical-op -Wmissing-include-dirs -Wformat-nonliteral -Wold-style-definition -Wpointer-arith -Waggregate-return -Winit-self -Wpacked --std=c89 -ansi -pedantic -Wno-overlength-strings -Wc++-compat -Wno-long-long -Wno-overlength-strings -Wdeclaration-after-statement -Wredundant-decls -Wmissing-noreturn  conftest.c >&5
conftest.c:53:1: warning: function declaration isn't a prototype [-Wstrict-prototypes]
 main ()
 ^
conftest.c: In function 'main':
conftest.c:53:1: warning: old-style function definition [-Wold-style-definition]
configure:6050: $? = 0
configure:6065: result: yes
configure:6033: checking to see if compiler understands -Wshadow
configure:6050: gcc -c -g -O2 -fdiagnostics-show-option -Wall -Wextra -Wno-unused-parameter -Wmissing-prototypes -Wstrict-prototypes -Wmissing-declarations -Wfloat-equal -Wundef -Wformat=2 -Wlogical-op -Wmissing-include-dirs -Wformat-nonliteral -Wold-style-definition -Wpointer-arith -Waggregate-return -Winit-self -Wpacked --std=c89 -ansi -pedantic -Wno-overlength-strings -Wc++-compat -Wno-long-long -Wno-overlength-strings -Wdeclaration-after-statement -Wredundant-decls -Wmissing-noreturn -Wshadow  conftest.c >&5
conftest.c:53:1: warning: function declaration isn't a prototype [-Wstrict-prototypes]
 main ()
 ^
conftest.c: In function 'main':
conftest.c:53:1: warning: old-style function definition [-Wold-style-definition]
configure:6050: $? = 0
configure:6065: result: yes
configure:6033: checking to see if compiler understands -Wendif-labels
configure:6050: gcc -c -g -O2 -fdiagnostics-show-option -Wall -Wextra -Wno-unused-parameter -Wmissing-prototypes -Wstrict-prototypes -Wmissing-declarations -Wfloat-equal -Wundef -Wformat=2 -Wlogical-op -Wmissing-include-dirs -Wformat-nonliteral -Wold-style-definition -Wpointer-arith -Waggregate-return -Winit-self -Wpacked --std=c89 -ansi -pedantic -Wno-overlength-strings -Wc++-compat -Wno-long-long -Wno-overlength-strings -Wdeclaration-after-statement -Wredundant-decls -Wmissing-noreturn -Wshadow -Wendif-labels  conftest.c >&5
conftest.c:53:1: warning: function declaration isn't a prototype [-Wstrict-prototypes]
 main ()
 ^
conftest.c: In function 'main':
conftest.c:53:1: warning: old-style function definition [-Wold-style-definition]
configure:6050: $? = 0
configure:6065: result: yes
configure:6033: checking to see if compiler understands -Wcast-qual
configure:6050: gcc -c -g -O2 -fdiagnostics-show-option -Wall -Wextra -Wno-unused-parameter -Wmissing-prototypes -Wstrict-prototypes -Wmissing-declarations -Wfloat-equal -Wundef -Wformat=2 -Wlogical-op -Wmissing-include-dirs -Wformat-nonliteral -Wold-style-definition -Wpointer-arith -Waggregate-return -Winit-self -Wpacked --std=c89 -ansi -pedantic -Wno-overlength-strings -Wc++-compat -Wno-long-long -Wno-overlength-strings -Wdeclaration-after-statement -Wredundant-decls -Wmissing-noreturn -Wshadow -Wendif-labels -Wcast-qual  conftest.c >&5
conftest.c:53:1: warning: function declaration isn't a prototype [-Wstrict-prototypes]
 main ()
 ^
conftest.c: In function 'main':
conftest.c:53:1: warning: old-style function definition [-Wold-style-definition]
configure:6050: $? = 0
configure:6065: result: yes
configure:6033: checking to see if compiler understands -Wcast-align
configure:6050: gcc -c -g -O2 -fdiagnostics-show-option -Wall -Wextra -Wno-unused-parameter -Wmissing-prototypes -Wstrict-prototypes -Wmissing-declarations -Wfloat-equal -Wundef -Wformat=2 -Wlogical-op -Wmissing-include-dirs -Wformat-nonliteral -Wold-style-definition -Wpointer-arith -Waggregate-return -Winit-self -Wpacked --std=c89 -ansi -pedantic -Wno-overlength-strings -Wc++-compat -Wno-long-long -Wno-overlength-strings -Wdeclaration-after-statement -Wredundant-decls -Wmissing-noreturn -Wshadow -Wendif-labels -Wcast-qual -Wcast-align  conftest.c >&5
conftest.c:53:1: warning: function declaration isn't a prototype [-Wstrict-prototypes]
 main ()
 ^
conftest.c: In function 'main':
conftest.c:53:1: warning: old-style function definition [-Wold-style-definition]
configure:6050: $? = 0
configure:6065: result: yes
configure:6033: checking to see if compiler understands -Wwrite-strings
configure:6050: gcc -c -g -O2 -fdiagnostics-show-option -Wall -Wextra -Wno-unused-parameter -Wmissing-prototypes -Wstrict-prototypes -Wmissing-declarations -Wfloat-equal -Wundef -Wformat=2 -Wlogical-op -Wmissing-include-dirs -Wformat-nonliteral -Wold-style-definition -Wpointer-arith -Waggregate-return -Winit-self -Wpacked --std=c89 -ansi -pedantic -Wno-overlength-strings -Wc++-compat -Wno-long-long -Wno-overlength-strings -Wdeclaration-after-statement -Wredundant-decls -Wmissing-noreturn -Wshadow -Wendif-labels -Wcast-qual -Wcast-align -Wwrite-strings  conftest.c >&5
conftest.c:53:1: warning: function declaration isn't a prototype [-Wstrict-prototypes]
 main ()
 ^
conftest.c: In function 'main':
conftest.c:53:1: warning: old-style function definition [-Wold-style-definition]
configure:6050: $? = 0
configure:6065: result: yes
configure:6033: checking to see if compiler understands -Wp,-D_FORTIFY_SOURCE=2
configure:6050: gcc -c -g -O2 -fdiagnostics-show-option -Wall -Wextra -Wno-unused-parameter -Wmissing-prototypes -Wstrict-prototypes -Wmissing-declarations -Wfloat-equal -Wundef -Wformat=2 -Wlogical-op -Wmissing-include-dirs -Wformat-nonliteral -Wold-style-definition -Wpointer-arith -Waggregate-return -Winit-self -Wpacked --std=c89 -ansi -pedantic -Wno-overlength-strings -Wc++-compat -Wno-long-long -Wno-overlength-strings -Wdeclaration-after-statement -Wredundant-decls -Wmissing-noreturn -Wshadow -Wendif-labels -Wcast-qual -Wcast-align -Wwrite-strings -Wp,-D_FORTIFY_SOURCE=2  conftest.c >&5
conftest.c:53:1: warning: function declaration isn't a prototype [-Wstrict-prototypes]
 main ()
 ^
conftest.c: In function 'main':
conftest.c:53:1: warning: old-style function definition [-Wold-style-definition]
configure:6050: $? = 0
configure:6065: result: yes
configure:6033: checking to see if compiler understands -fno-common
configure:6050: gcc -c -g -O2 -fdiagnostics-show-option -Wall -Wextra -Wno-unused-parameter -Wmissing-prototypes -Wstrict-prototypes -Wmissing-declarations -Wfloat-equal -Wundef -Wformat=2 -Wlogical-op -Wmissing-include-dirs -Wformat-nonliteral -Wold-style-definition -Wpointer-arith -Waggregate-return -Winit-self -Wpacked --std=c89 -ansi -pedantic -Wno-overlength-strings -Wc++-compat -Wno-long-long -Wno-overlength-strings -Wdeclaration-after-statement -Wredundant-decls -Wmissing-noreturn -Wshadow -Wendif-labels -Wcast-qual -Wcast-align -Wwrite-strings -Wp,-D_FORTIFY_SOURCE=2 -fno-common  conftest.c >&5
conftest.c:53:1: warning: function declaration isn't a prototype [-Wstrict-prototypes]
 main ()
 ^
conftest.c: In function 'main':
conftest.c:53:1: warning: old-style function definition [-Wold-style-definition]
configure:6050: $? = 0
configure:6065: result: yes
configure:6088: gcc -o conftest -DNDEBUG -g -O2 -fdiagnostics-show-option -Wall -Wextra -Wno-unused-parameter -Wmissing-prototypes -Wstrict-prototypes -Wmissing-declarations -Wfloat-equal -Wundef -Wformat=2 -Wlogical-op -Wmissing-include-dirs -Wformat-nonliteral -Wold-style-definition -Wpointer-arith -Waggregate-return -Winit-self -Wpacked --std=c89 -ansi -pedantic -Wno-overlength-strings -Wc++-compat -Wno-long-long -Wno-overlength-strings -Wdeclaration-after-statement -Wredundant-decls -Wmissing-noreturn -Wshadow -Wendif-labels -Wcast-qual -Wcast-align -Wwrite-strings -Wp,-D_FORTIFY_SOURCE=2 -fno-common  -Wl,-z,defs  conftest.c -lresolv -lnsl  >&5
conftest.c:53:1: warning: function declaration isn't a prototype [-Wstrict-prototypes]
 main ()
 ^
conftest.c: In function 'main':
conftest.c:53:1: warning: old-style function definition [-Wold-style-definition]
configure:6088: $? = 0
configure:6106: checking for xsltproc
configure:6124: found /home/vladimirb/anaconda2/bin/xsltproc
configure:6137: result: /home/vladimirb/anaconda2/bin/xsltproc
configure:6157: checking for a2x
configure:6175: found /usr/bin/a2x
configure:6188: result: /usr/bin/a2x
configure:6208: checking for xmllint
configure:6226: found /home/vladimirb/anaconda2/bin/xmllint
configure:6239: result: /home/vladimirb/anaconda2/bin/xmllint
configure:6379: checking that generated files are newer than configure
configure:6385: result: done
configure:6428: creating ./config.status

## ---------------------- ##
## Running config.status. ##
## ---------------------- ##

This file was extended by Tinyproxy config.status 1.9.0, which was
generated by GNU Autoconf 2.69.  Invocation command line was

  CONFIG_FILES    = 
  CONFIG_HEADERS  = 
  CONFIG_LINKS    = 
  CONFIG_COMMANDS = 
  $ ./config.status 

on vladimirb-64-R830

config.status:929: creating Makefile
config.status:929: creating src/Makefile
config.status:929: creating data/Makefile
config.status:929: creating data/templates/Makefile
config.status:929: creating etc/Makefile
config.status:929: creating docs/Makefile
config.status:929: creating docs/man5/Makefile
config.status:929: creating docs/man5/tinyproxy.conf.txt
config.status:929: creating docs/man8/Makefile
config.status:929: creating docs/man8/tinyproxy.txt
config.status:929: creating m4macros/Makefile
config.status:929: creating tests/Makefile
config.status:929: creating tests/scripts/Makefile
config.status:929: creating config.h
config.status:1110: config.h is unchanged
config.status:1158: executing depfiles commands

## ---------------- ##
## Cache variables. ##
## ---------------- ##

ac_cv_build=x86_64-pc-linux-gnu
ac_cv_c_compiler_gnu=yes
ac_cv_env_CC_set=
ac_cv_env_CC_value=
ac_cv_env_CFLAGS_set=
ac_cv_env_CFLAGS_value=
ac_cv_env_CPPFLAGS_set=
ac_cv_env_CPPFLAGS_value=
ac_cv_env_CPP_set=
ac_cv_env_CPP_value=
ac_cv_env_LDFLAGS_set=
ac_cv_env_LDFLAGS_value=
ac_cv_env_LIBS_set=
ac_cv_env_LIBS_value=
ac_cv_env_build_alias_set=
ac_cv_env_build_alias_value=
ac_cv_env_host_alias_set=
ac_cv_env_host_alias_value=
ac_cv_env_target_alias_set=
ac_cv_env_target_alias_value=
ac_cv_func_inet_ntoa=yes
ac_cv_func_lstat_dereferences_slashed_symlink=yes
ac_cv_func_malloc_0_nonnull=yes
ac_cv_func_realloc_0_nonnull=yes
ac_cv_func_setgroups=yes
ac_cv_func_strdup=yes
ac_cv_func_strlcat=no
ac_cv_func_strlcpy=no
ac_cv_header_alloca_h=yes
ac_cv_header_inttypes_h=yes
ac_cv_header_malloc_h=yes
ac_cv_header_memory_h=yes
ac_cv_header_minix_config_h=no
ac_cv_header_stdc=yes
ac_cv_header_stdint_h=yes
ac_cv_header_stdlib_h=yes
ac_cv_header_string_h=yes
ac_cv_header_strings_h=yes
ac_cv_header_sys_ioctl_h=yes
ac_cv_header_sys_stat_h=yes
ac_cv_header_sys_types_h=yes
ac_cv_header_sys_wait_h=yes
ac_cv_header_sysexits_h=yes
ac_cv_header_time=yes
ac_cv_header_unistd_h=yes
ac_cv_header_values_h=yes
ac_cv_host=x86_64-pc-linux-gnu
ac_cv_lib_nsl_gethostname=yes
ac_cv_lib_resolv_inet_aton=yes
ac_cv_lib_socket_htonl=no
ac_cv_lib_socket_socket=no
ac_cv_objext=o
ac_cv_path_A2X=/usr/bin/a2x
ac_cv_path_EGREP='/bin/grep -E'
ac_cv_path_GREP=/bin/grep
ac_cv_path_XMLLINT=/home/vladimirb/anaconda2/bin/xmllint
ac_cv_path_XSLTPROC=/home/vladimirb/anaconda2/bin/xsltproc
ac_cv_path_install='/usr/bin/install -c'
ac_cv_path_mkdir=/bin/mkdir
ac_cv_prog_AWK=mawk
ac_cv_prog_CPP='gcc -E'
ac_cv_prog_ac_ct_CC=gcc
ac_cv_prog_cc_c89=
ac_cv_prog_cc_g=yes
ac_cv_prog_make_make_set=yes
ac_cv_safe_to_define___extensions__=yes
ac_cv_target=x86_64-pc-linux-gnu
am_cv_CC_dependencies_compiler_type=gcc3
am_cv_make_support_nested_variables=yes
am_cv_prog_cc_c_o=yes

## ----------------- ##
## Output variables. ##
## ----------------- ##

A2X='/usr/bin/a2x'
ACLOCAL='${SHELL} /home/vladimirb/tinyproxy/missing aclocal-1.15'
ADDITIONAL_OBJECTS=' filter.o'
AMDEPBACKSLASH='\'
AMDEP_FALSE='#'
AMDEP_TRUE=''
AMTAR='$${TAR-tar}'
AM_BACKSLASH='\'
AM_DEFAULT_V='$(AM_DEFAULT_VERBOSITY)'
AM_DEFAULT_VERBOSITY='0'
AM_V='$(V)'
AUTOCONF='${SHELL} /home/vladimirb/tinyproxy/missing autoconf'
AUTOHEADER='${SHELL} /home/vladimirb/tinyproxy/missing autoheader'
AUTOMAKE='${SHELL} /home/vladimirb/tinyproxy/missing automake-1.15'
AWK='mawk'
CC='gcc'
CCDEPMODE='depmode=gcc3'
CFLAGS='-DNDEBUG -g -O2 -fdiagnostics-show-option -Wall -Wextra -Wno-unused-parameter -Wmissing-prototypes -Wstrict-prototypes -Wmissing-declarations -Wfloat-equal -Wundef -Wformat=2 -Wlogical-op -Wmissing-include-dirs -Wformat-nonliteral -Wold-style-definition -Wpointer-arith -Waggregate-return -Winit-self -Wpacked --std=c89 -ansi -pedantic -Wno-overlength-strings -Wc++-compat -Wno-long-long -Wno-overlength-strings -Wdeclaration-after-statement -Wredundant-decls -Wmissing-noreturn -Wshadow -Wendif-labels -Wcast-qual -Wcast-align -Wwrite-strings -Wp,-D_FORTIFY_SOURCE=2 -fno-common'
CPP='gcc -E'
CPPFLAGS=''
CYGPATH_W='echo'
DEFS='-DHAVE_CONFIG_H'
DEPDIR='.deps'
ECHO_C=''
ECHO_N='-n'
ECHO_T=''
EGREP='/bin/grep -E'
EXEEXT=''
GREP='/bin/grep'
HAVE_A2X_FALSE='#'
HAVE_A2X_TRUE=''
HAVE_XMLLINT_FALSE='#'
HAVE_XMLLINT_TRUE=''
HAVE_XSLTPROC_FALSE='#'
HAVE_XSLTPROC_TRUE=''
INSTALL_DATA='${INSTALL} -m 644'
INSTALL_PROGRAM='${INSTALL}'
INSTALL_SCRIPT='${INSTALL}'
INSTALL_STRIP_PROGRAM='$(install_sh) -c -s'
LDFLAGS='-Wl,-z,defs '
LIBOBJS=''
LIBS='-lresolv -lnsl '
LTLIBOBJS=''
MAKEINFO='${SHELL} /home/vladimirb/tinyproxy/missing makeinfo'
MKDIR_P='/bin/mkdir -p'
OBJEXT='o'
PACKAGE='tinyproxy'
PACKAGE_BUGREPORT='https://tinyproxy.github.io/'
PACKAGE_NAME='Tinyproxy'
PACKAGE_STRING='Tinyproxy 1.9.0'
PACKAGE_TARNAME='tinyproxy'
PACKAGE_URL=''
PACKAGE_VERSION='1.9.0'
PATH_SEPARATOR=':'
SET_MAKE=''
SHELL='/bin/bash'
STRIP=''
TINYPROXY_MAJOR_VERSION='1'
TINYPROXY_MICRO_VERSION='0'
TINYPROXY_MINOR_VERSION='9'
TINYPROXY_REAL_VERSION='1.9.0'
TINYPROXY_STATHOST='tinyproxy.stats'
TINYPROXY_UNSTABLE='yes'
TINYPROXY_UNSTABLE_FALSE='#'
TINYPROXY_UNSTABLE_TRUE=''
TINYPROXY_VERSION='1.9.0'
VERSION='1.9.0'
XMLLINT='/home/vladimirb/anaconda2/bin/xmllint'
XSLTPROC='/home/vladimirb/anaconda2/bin/xsltproc'
ac_ct_CC='gcc'
am__EXEEXT_FALSE=''
am__EXEEXT_TRUE='#'
am__fastdepCC_FALSE='#'
am__fastdepCC_TRUE=''
am__include='include'
am__isrc=''
am__leading_dot='.'
am__nodep='_no'
am__quote=''
am__tar='$${TAR-tar} chof - "$$tardir"'
am__untar='$${TAR-tar} xf -'
bindir='${exec_prefix}/bin'
build='x86_64-pc-linux-gnu'
build_alias=''
build_cpu='x86_64'
build_os='linux-gnu'
build_vendor='pc'
datadir='${datarootdir}'
datarootdir='${prefix}/share'
docdir='${datarootdir}/doc/${PACKAGE_TARNAME}'
dvidir='${docdir}'
exec_prefix='${prefix}'
host='x86_64-pc-linux-gnu'
host_alias=''
host_cpu='x86_64'
host_os='linux-gnu'
host_vendor='pc'
htmldir='${docdir}'
includedir='${prefix}/include'
infodir='${datarootdir}/info'
install_sh='${SHELL} /home/vladimirb/tinyproxy/install-sh'
libdir='${exec_prefix}/lib'
libexecdir='${exec_prefix}/libexec'
localedir='${datarootdir}/locale'
localstatedir='${prefix}/var'
mandir='${datarootdir}/man'
mkdir_p='$(MKDIR_P)'
oldincludedir='/usr/include'
pdfdir='${docdir}'
prefix='/usr/local'
program_transform_name='s,x,x,'
psdir='${docdir}'
runstatedir='${localstatedir}/run'
sbindir='${exec_prefix}/sbin'
sharedstatedir='${prefix}/com'
sysconfdir='${prefix}/etc'
target='x86_64-pc-linux-gnu'
target_alias=''
target_cpu='x86_64'
target_os='linux-gnu'
target_vendor='pc'

## ----------- ##
## confdefs.h. ##
## ----------- ##

/* confdefs.h */
#define PACKAGE_NAME "Tinyproxy"
#define PACKAGE_TARNAME "tinyproxy"
#define PACKAGE_VERSION "1.9.0"
#define PACKAGE_STRING "Tinyproxy 1.9.0"
#define PACKAGE_BUGREPORT "https://tinyproxy.github.io/"
#define PACKAGE_URL ""
#define PACKAGE "tinyproxy"
#define VERSION "1.9.0"
#define TINYPROXY_VERSION "1.9.0"
#define TINYPROXY_UNSTABLE 1
#define STDC_HEADERS 1
#define HAVE_SYS_TYPES_H 1
#define HAVE_SYS_STAT_H 1
#define HAVE_STDLIB_H 1
#define HAVE_STRING_H 1
#define HAVE_MEMORY_H 1
#define HAVE_STRINGS_H 1
#define HAVE_INTTYPES_H 1
#define HAVE_STDINT_H 1
#define HAVE_UNISTD_H 1
#define __EXTENSIONS__ 1
#define _ALL_SOURCE 1
#define _GNU_SOURCE 1
#define _POSIX_PTHREAD_SEMANTICS 1
#define _TANDEM_SOURCE 1
#define TINYPROXY_STATHOST "tinyproxy.stats"
#define XTINYPROXY_ENABLE 1
#define FILTER_ENABLE 1
#define UPSTREAM_SUPPORT 1
#define HAVE_LIBNSL 1
#define HAVE_LIBRESOLV 1
#define STDC_HEADERS 1
#define TIME_WITH_SYS_TIME 1
#define HAVE_SYS_WAIT_H 1
#define HAVE_SYS_IOCTL_H 1
#define HAVE_ALLOCA_H 1
#define HAVE_MEMORY_H 1
#define HAVE_MALLOC_H 1
#define HAVE_SYSEXITS_H 1
#define HAVE_VALUES_H 1
#define LSTAT_FOLLOWS_SLASHED_SYMLINK 1
#define HAVE_STDLIB_H 1
#define HAVE_MALLOC 1
#define HAVE_STDLIB_H 1
#define HAVE_REALLOC 1
#define HAVE_INET_NTOA 1
#define HAVE_STRDUP 1
#define HAVE_SETGROUPS 1

configure: exit 0
